<?xml version="1.0" encoding="UTF-8"?>
<testng-results ignored="0" total="1" passed="1" failed="0" skipped="0">
  <reporter-output>
  </reporter-output>
  <suite started-at="2023-04-04T11:15:03 IST" name="Default suite" finished-at="2023-04-04T11:15:15 IST" duration-ms="12931">
    <groups>
    </groups>
    <test started-at="2023-04-04T11:15:03 IST" name="Default test" finished-at="2023-04-04T11:15:15 IST" duration-ms="12931">
      <class name="TestClass.VerifyTextMassageOfFrontPage">
        <test-method is-config="true" signature="openTheBrowser()[pri:0, instance:TestClass.VerifyTextMassageOfFrontPage@470f1802]" started-at="2023-04-04T11:15:03 IST" name="openTheBrowser" finished-at="2023-04-04T11:15:07 IST" duration-ms="4136" status="PASS">
          <reporter-output>
          </reporter-output>
        </test-method> <!-- openTheBrowser -->
        <test-method is-config="true" signature="GoToTheFrontPage()[pri:0, instance:TestClass.VerifyTextMassageOfFrontPage@470f1802]" started-at="2023-04-04T11:15:07 IST" name="GoToTheFrontPage" finished-at="2023-04-04T11:15:15 IST" duration-ms="8725" status="PASS">
          <reporter-output>
          </reporter-output>
        </test-method> <!-- GoToTheFrontPage -->
        <test-method signature="verfiymassageonForontPage()[pri:0, instance:TestClass.VerifyTextMassageOfFrontPage@470f1802]" started-at="2023-04-04T11:15:15 IST" name="verfiymassageonForontPage" finished-at="2023-04-04T11:15:15 IST" duration-ms="31" status="PASS">
          <reporter-output>
          </reporter-output>
        </test-method> <!-- verfiymassageonForontPage -->
      </class> <!-- TestClass.VerifyTextMassageOfFrontPage -->
    </test> <!-- Default test -->
  </suite> <!-- Default suite -->
</testng-results>
